1                                           The SAS System               11:43 Wednesday, May 20, 2026

NOTE: Copyright (c) 2016 by SAS Institute Inc., Cary, NC, USA. 
NOTE: SAS (r) Proprietary Software 9.4 (TS1M5) 
      Licensed to UNIVERSITY OF CALIFORNIA SYSTEM-SFA-T&R, Site 70090515.
NOTE: This session is executing on the X64_DSRV16  platform.



NOTE: Updated analytical products:
      
      SAS/STAT 14.3
      SAS/ETS 14.3
      SAS/IML 14.3
      SAS/QC 14.3

NOTE: Additional host information:

 X64_DSRV16 WIN 10.0.26100  Server

NOTE: SAS initialization used:
      real time           0.70 seconds
      cpu time            0.37 seconds
      
1          /*------------------------------------------------------------------*
2          | PROGRAM NAME : rename_study_domains_cli20260320.sas
3          | SHORT DESC   : Standardizes SAS and XPT dataset names by removing
4          |                suffixes (e.g., AE_PLACEBO to AE) and placing
5          |                renamed copies in DAC_<ParentFolderName> or DAC_XPT subfolders
6          *------------------------------------------------------------------*
7          | CREATED BY   : DAC Development Team
8          | DATE CREATED : 2026-05-08
9          | VERSION      : 1.4
10         *------------------------------------------------------------------*
11         | VERSION UPDATES:
12         | 2026-05-08: Initial CLI release (v1.0)
13         |   - Added SYSPARM parsing for input and output directories
14         |   - Standardizes dataset names by keeping only the prefix before
15         |     the first underscore (e.g., AE_PLACEBO -> AE)
16         |   - Copies SAS7BDAT datasets to DAC_SAS subfolder when any file
17         |     in the input directory has a non-standard (suffixed) name
18         |   - Copies XPT datasets to DAC_XPT subfolder when any XPT file
19         |     in the input directory has a non-standard name
20         |   - Files without underscores are copied unchanged to the new
21         |     folder so the folder is a complete, self-consistent set
22         | 2026-05-12: SAS7BDAT logic updated to match OriginalSAS (v1.1)
23         |   - Replaced Windows DIR-based file listing with libname +
24         |     dictionary.tables discovery (aligns with
25         |     rename_study_domains_ZRlocalCopy.sas)
26         |   - ALL datasets are now copied to DAC_SAS first via proc copy,
27         |     then datasets with suffixes are renamed in-place in DAC_SAS
28         |     using proc datasets change (same approach as original script)
29         |   - Standard name derived with scan(memname, 1, '_') -- identical
30         |     to the original script
31         | 2026-05-12: Fix standard name extraction (v1.2)
32         |   - Changed scan position from 1 to -1 so the domain name is taken
2                                           The SAS System               11:43 Wednesday, May 20, 2026

33         |     from the LAST token after the final underscore (e.g.
34         |     BERKELEY_AE -> AE).  Using position 1 caused all datasets to
35         |     map to the study prefix (e.g. BERKELEY), triggering a duplicate-
36         |     name collision for every dataset in the library.
37         | 2026-05-19: Dynamic SAS output folder naming (v1.3)
38         |   - SAS output folder is now named DAC_<ParentFolderName> where
39         |     ParentFolderName is the leaf segment of the input directory
40         |     (e.g. if input is C:\data\rawdata, folder becomes DAC_rawdata).
41         |   - Handles both Windows backslash and Unix forward slash separators.
42         | 2026-05-19: Fixed dcreate return-value check (v1.4)
43         |   - Replaced `%if &_rc = %then` with `%if %length(&_rc) = 0 %then`
44         |     for both directory-creation guards (DAC_<ParentFolderName> and
45         |     DAC_XPT). dcreate returns the new directory name on success,
46         |     causing %EVAL to abort with a numeric-operand error when the
47         |     directory was successfully created.
48         *------------------------------------------------------------------*
49         | PURPOSE
50         | Checks SAS (.sas7bdat) and XPT (.xpt) datasets in the specified
51         | input directory and standardizes their names by removing
52         | study-specific suffixes (e.g., converting AE_PLACEBO to AE).
53         | When any dataset requires renaming, ALL datasets of that type are
54         | copied with standardized names to a new subfolder:
55         |   - DAC_<ParentFolderName> for .sas7bdat files
56         |   - DAC_XPT for .xpt files
57         | This ensures that subsequent pipeline scripts operate on a
58         | complete, consistently named set of datasets.
59         |
60         | Naming rule: the standard name is the portion of the dataset name
61         | after the last underscore (scan(memname, -1, '_')).  E.g.:
62         |   BERKELEY_AE   -> AE
63         |   BERKELEY_SUPPAE -> SUPPAE
64         |   CM          -> CM  (unchanged; no folder created for this alone)
65         |
66         | 1.1: REQUIRED SYSPARM PARAMETERS (pipe-delimited)
67         | INPUT_DIRECTORY  = Path to folder containing .sas7bdat or .xpt
68         |                    files to be renamed
69         | OUTPUT_DIRECTORY = Path to folder where DAC_<ParentFolderName>
70         |                    and/or DAC_XPT subfolders will be created.
71         |                    Must exist prior to execution.
72         |
73         | USAGE:
74         |   sas -sysparm "input_directory|output_directory"
75         |       -sysin rename_study_domains_cli20260320.sas
76         |
77         | OUTPUT STRUCTURE:
78         |   output_directory\
79         |   ├── DAC_<ParentFolderName>\  - Standardized SAS7BDAT datasets
80         |   │                              (created only when any .sas7bdat
81         |   │                               dataset has a non-standard suffix)
82         |   └── DAC_XPT\   - Standardized XPT datasets
83         |                     (created only when any .xpt file has
84         |                      a non-standard suffix)
85         *------------------------------------------------------------------*
86         | OPERATING SYSTEM COMPATIBILITY
3                                           The SAS System               11:43 Wednesday, May 20, 2026

87         | SAS v9.4 or Higher: Yes
88         | Windows:            Yes
89         *------------------------------------------------------------------*
90         | NOTES
91         | - If two input datasets share the same standard name (e.g.,
92         |   AE_PLACEBO and AE_TREATMENT both map to AE), a WARNING is
93         |   issued and those datasets are skipped.  Resolve naming conflicts
94         |   in the source data before running the pipeline.
95         | - For XPT files the script queries the SAS transport library to
96         |   obtain the actual member name inside each file.  SAS XPT
97         |   format limits member names to 8 characters.
98         *------------------------------------------------------------------*
99         | EXAMPLES
100        |
101        | Standardize SAS dataset names:
102        |   sas -sysparm "C:\data\input|C:\data\output"
103        |       -sysin rename_study_domains_cli20260320.sas
104        |
105        | Standardize XPT dataset names:
106        |   sas -sysparm "C:\data\xpt_files|C:\data\output"
107        |       -sysin rename_study_domains_cli20260320.sas
108        *------------------------------------------------------------------*/
109        
110        /* ----------------------------------------------------------------
111           Helper macro: copy one XPT file to DAC_XPT with a standardized
112           member name.  Called via %nrstr() inside a DATA step CALL EXECUTE
113           so that each file is processed sequentially after the driving
114           DATA step completes.
115        
116           Parameters:
117             inpath        - full path to the source .xpt file
118             outpath       - full path for the destination .xpt file
119             standard_name - desired (standardized) SAS dataset name
120        ---------------------------------------------------------------- */
121        %macro _copy_xpt_file(inpath=, outpath=, standard_name=);
122        
123            /* Open source XPT with SAS transport engine */
124            libname _xinlib xport "&inpath";
125        
126            /* Get the actual member name stored inside the XPT file */
127            proc sql noprint;
128                select memname into :_xpt_memname trimmed
129                from dictionary.tables
130                where libname = '_XINLIB';
131            quit;
132        
133            %if %length(&_xpt_memname) = 0 %then %do;
134                %put WARNING: No dataset found in XPT file: &inpath -- skipping.;
135                libname _xinlib clear;
136                %return;
137            %end;
138        
139            %let _xpt_memname_lc = %lowcase(&_xpt_memname);
140            %let _std_lc         = %lowcase(&standard_name);
4                                           The SAS System               11:43 Wednesday, May 20, 2026

141        
142            %if %upcase(&_xpt_memname) ne %upcase(&standard_name) %then %do;
143                /* Copy internal dataset to WORK under the standard name */
144                data work.&_std_lc;
145                    set _xinlib.&_xpt_memname_lc;
146                run;
147        
148                libname _xinlib clear;
149        
150                /* Write the WORK dataset to the new XPT file */
151                libname _xoutlib xport "&outpath";
152                proc copy in=work out=_xoutlib;
153                    select &_std_lc;
154                run;
155                libname _xoutlib clear;
156        
157                /* Clean up temporary WORK dataset */
158                proc datasets lib=work nolist;
159                    delete &_std_lc;
160                quit;
161            %end;
162            %else %do;
163                /* Name already matches standard; copy file as-is */
164                libname _xoutlib xport "&outpath";
165                proc copy in=_xinlib out=_xoutlib; run;
166                libname _xinlib  clear;
167                libname _xoutlib clear;
168            %end;
169        
170        %mend _copy_xpt_file;
171        
172        
173        /* ================================================================
174           Main macro
175        ================================================================ */
176        %macro rename_study_domains;
177        
178            %let sysparm_value = &sysparm;
179            %put NOTE: [rename_study_domains] Raw SYSPARM = &sysparm_value;
180        
181            /* ---- Parse SYSPARM: input_dir|output_dir ---- */
182            %let pipe_pos = %sysfunc(findc(&sysparm_value, |));
183            %if &pipe_pos > 0 %then %do;
184                %let indir  = %substr(&sysparm_value, 1, %eval(&pipe_pos - 1));
185                %let outdir = %substr(&sysparm_value, %eval(&pipe_pos + 1));
186            %end;
187            %else %do;
188                %put ERROR: Invalid SYSPARM format. Expected: input_directory|output_directory;
189                %abort;
190            %end;
191        
192            %put NOTE: [rename_study_domains] Input Directory  = &indir;
193            %put NOTE: [rename_study_domains] Output Directory = &outdir;
194        
5                                           The SAS System               11:43 Wednesday, May 20, 2026

195            /* ---- Derive output folder name from the input directory leaf segment ---- */
196            /* Handles both Windows backslash and Unix forward slash separators.         */
197            %let parent_folder_name = %scan(&indir, -1, \/);
198            %let dac_sas_folder     = DAC_&parent_folder_name;
199            %put NOTE: [rename_study_domains] SAS output folder name = &dac_sas_folder;
200        
201            /* ---- Validate directories ---- */
202            %if %sysfunc(fileexist(&indir))  = 0 %then %do;
203                %put ERROR: Input directory does not exist: &indir;
204                %abort;
205            %end;
206            %if %sysfunc(fileexist(&outdir)) = 0 %then %do;
207                %put ERROR: Output directory does not exist: &outdir;
208                %abort;
209            %end;
210        
211        
212            /* ============================================================
213               PART 1: Process SAS7BDAT files
214               Uses dictionary.tables to discover library members, then
215               renames with proc datasets change (logic from
216               rename_study_domains_ZRlocalCopy.sas).
217               ============================================================ */
218        
219            /* Point a libname at the input directory so SAS can query its
220               member metadata via dictionary.tables */
221            libname _inlib "&indir";
222        
223            /* Build a table of datasets that need renaming (have a suffix).
224               Standard name = last token after the final underscore, e.g.
225               BERKELEY_AE -> AE, BERKELEY_SUPPAE -> SUPPAE. */
226            proc sql noprint;
227                create table _work_sas as
228                select
229                    memname,
230                    scan(memname, -1, '_') as standard_name length=32
231                from dictionary.tables
232                where upcase(libname) = '_INLIB'
233                  and index(memname, '_') > 0;
234        
235                select count(*) into :sas_rename_count trimmed from _work_sas;
236        
237                select count(*) into :sas_total trimmed
238                from dictionary.tables
239                where upcase(libname) = '_INLIB';
240            quit;
241        
242            %put NOTE: Found &sas_total SAS7BDAT dataset(s) in library, &sas_rename_count require
242      ! renaming.;
243        
244            %if &sas_rename_count > 0 %then %do;
245        
246                /* Check for duplicate standard names and warn/exclude */
247                proc sql noprint;
6                                           The SAS System               11:43 Wednesday, May 20, 2026

248                    create table _work_sas_dups as
249                    select standard_name, count(*) as n
250                    from _work_sas
251                    group by standard_name
252                    having count(*) > 1;
253                    select count(*) into :sas_dup_count trimmed from _work_sas_dups;
254                quit;
255        
256                %if &sas_dup_count > 0 %then %do;
257                    %put WARNING: Multiple SAS datasets map to the same standard name.;
258                    %put WARNING: The following datasets will be SKIPPED to avoid overwriting:;
259                    data _null_;
260                        set _work_sas_dups;
261                        put "  Standard name '" standard_name +(-1)
262                            "' has " n "conflicting source datasets.";
263                    run;
264                    /* Exclude datasets with duplicate standard names */
265                    proc sql noprint;
266                        delete from _work_sas
267                        where standard_name in (select standard_name from _work_sas_dups);
268                    quit;
269                    /* Re-count after exclusion */
270                    proc sql noprint;
271                        select count(*) into :sas_rename_count trimmed from _work_sas;
272                    quit;
273                %end;
274        
275                proc datasets lib=work nolist; delete _work_sas_dups; quit;
276        
277                %if &sas_rename_count > 0 %then %do;
278        
279                    /* Create DAC_<ParentFolderName> output directory if needed */
280                    %let dac_sas_dir   = &outdir\&dac_sas_folder;
281                    %let dac_sas_exist = %sysfunc(fileexist(&dac_sas_dir));
282        
283                    %if &dac_sas_exist = 0 %then %do;
284                        %put NOTE: Creating directory &dac_sas_dir;
285                        %let _rc = %sysfunc(dcreate(&dac_sas_folder, &outdir));
286                        %if %length(&_rc) = 0 %then %do;
287                            %put ERROR: Failed to create directory &dac_sas_dir;
288                            libname _inlib clear;
289                            %abort;
290                        %end;
291                    %end;
292                    %else %do;
293                        %put NOTE: Directory &dac_sas_dir already exists.;
294                    %end;
295        
296                    /* Copy ALL datasets from input library to &dac_sas_folder so the
297                       output folder is a complete, self-consistent set.
298                       Original input files are never modified. */
299                    libname _outdac "&dac_sas_dir";
300                    proc copy in=_inlib out=_outdac memtype=data; run;
301                    libname _inlib clear;
7                                           The SAS System               11:43 Wednesday, May 20, 2026

302        
303                    /* Rename datasets that have suffixes in &dac_sas_folder using
304                       proc datasets change (same approach as the original script) */
305                    data _null_;
306                        set _work_sas;
307                        cmd = 'proc datasets lib=_outdac nolist; change ' ||
308                              strip(memname) || ' = ' || strip(standard_name) || '; quit;';
309                        call execute(cmd);
310                        put cmd;
311                    run;
312        
313                    libname _outdac clear;
314        
315                    %put NOTE: SAS dataset standardization complete.;
316                    %put NOTE: Standardized SAS files are in: &dac_sas_dir;
317        
318                %end; /* sas_rename_count > 0 after dedup */
319        
320            %end; /* sas_rename_count > 0 */
321            %else %do;
322                %put NOTE: All &sas_total SAS7BDAT dataset(s) already have standard names. No
322      ! &dac_sas_folder folder created.;
323                libname _inlib clear;
324            %end;
325        
326            proc datasets lib=work nolist; delete _work_sas; quit;
327        
328        
329            /* ============================================================
330               PART 2: Process XPT files
331               ============================================================ */
332        
333            filename _xptlst pipe "dir /b ""&indir\*.xpt"" 2>nul";
334        
335            data _work_xpt;
336                infile _xptlst truncover;
337                input filename $256.;
338                if filename = '' then delete;
339                length dsname $32 standard_name $32
340                       xpt_in_path $512 xpt_out_path $512;
341                dsname        = upcase(scan(filename, 1, '.'));
342                standard_name = upcase(scan(dsname,  -1, '_'));
343                needs_rename  = (dsname ne standard_name);
344                xpt_in_path   = "&indir\" || strip(filename);
345                xpt_out_path  = "&outdir\DAC_XPT\" ||
346                                strip(lowcase(standard_name)) || '.xpt';
347            run;
348        
349            filename _xptlst clear;
350        
351            proc sql noprint;
352                select count(*) into :xpt_total        trimmed from _work_xpt;
353                select count(*) into :xpt_rename_count trimmed from _work_xpt
354                    where needs_rename = 1;
8                                           The SAS System               11:43 Wednesday, May 20, 2026

355            quit;
356        
357            %put NOTE: Found &xpt_total XPT file(s), &xpt_rename_count require renaming.;
358        
359            %if &xpt_total > 0 and &xpt_rename_count > 0 %then %do;
360        
361                /* Check for duplicate standard names and warn/exclude */
362                proc sql noprint;
363                    create table _work_xpt_dups as
364                    select standard_name, count(*) as n
365                    from _work_xpt
366                    group by standard_name
367                    having count(*) > 1;
368                    select count(*) into :xpt_dup_count trimmed from _work_xpt_dups;
369                quit;
370        
371                %if &xpt_dup_count > 0 %then %do;
372                    %put WARNING: Multiple XPT datasets map to the same standard name.;
373                    %put WARNING: The following XPT datasets will be SKIPPED:;
374                    data _null_;
375                        set _work_xpt_dups;
376                        put "  Standard name '" standard_name +(-1)
377                            "' has " n "conflicting source datasets.";
378                    run;
379                    proc sql noprint;
380                        delete from _work_xpt
381                        where standard_name in (select standard_name from _work_xpt_dups);
382                    quit;
383                    proc sql noprint;
384                        select count(*) into :xpt_total        trimmed from _work_xpt;
385                        select count(*) into :xpt_rename_count trimmed from _work_xpt
386                            where needs_rename = 1;
387                    quit;
388                %end;
389        
390                proc datasets lib=work nolist; delete _work_xpt_dups; quit;
391        
392                %if &xpt_rename_count > 0 %then %do;
393        
394                    /* Create DAC_XPT output directory if needed */
395                    %let dac_xpt_dir   = &outdir\DAC_XPT;
396                    %let dac_xpt_exist = %sysfunc(fileexist(&dac_xpt_dir));
397        
398                    %if &dac_xpt_exist = 0 %then %do;
399                        %put NOTE: Creating directory &dac_xpt_dir;
400                        %let _rc = %sysfunc(dcreate(DAC_XPT, &outdir));
401                        %if %length(&_rc) = 0 %then %do;
402                            %put ERROR: Failed to create directory &dac_xpt_dir;
403                            %abort;
404                        %end;
405                    %end;
406                    %else %do;
407                        %put NOTE: Directory &dac_xpt_dir already exists.;
408                    %end;
9                                           The SAS System               11:43 Wednesday, May 20, 2026

409        
410                    /* Generate a call to %_copy_xpt_file for each XPT file.
411                       Using %nrstr prevents premature macro resolution of the
412                       parameter values inside the DATA step. */
413                    data _null_;
414                        set _work_xpt;
415                        call execute(
416                            '%_copy_xpt_file(inpath=' || strip(xpt_in_path)   ||
417                            ', outpath='              || strip(xpt_out_path)  ||
418                            ', standard_name='        || strip(standard_name) || ')'
419                        );
420                    run;
421        
422                    %put NOTE: XPT dataset standardization complete.;
423                    %put NOTE: Standardized XPT files are in: &dac_xpt_dir;
424        
425                %end; /* xpt_rename_count > 0 after dedup */
426        
427            %end; /* xpt_total > 0 and xpt_rename_count > 0 */
428            %else %if &xpt_total > 0 %then %do;
429                %put NOTE: All &xpt_total XPT file(s) already have standard names. No DAC_XPT
429      ! folder created.;
430            %end;
431        
432            proc datasets lib=work nolist; delete _work_xpt; quit;
433        
434            %put NOTE: [rename_study_domains] Processing complete.;
435        
436        %mend rename_study_domains;
437        
438        %rename_study_domains;
NOTE: [rename_study_domains] Raw SYSPARM = 
C:\Users\rooneyz\Documents\TestData\COPY_04_Project_Data\MASHPDB\AKERO\Balanced_20251205\SDTM - 
Copy|C:\Users\rooneyz\Documents\TestData\COPY_04_Project_Data\MASHPDB\AKERO\Balanced_20251205
NOTE: [rename_study_domains] Input Directory  = 
C:\Users\rooneyz\Documents\TestData\COPY_04_Project_Data\MASHPDB\AKERO\Balanced_20251205\SDTM - Copy
NOTE: [rename_study_domains] Output Directory = 
C:\Users\rooneyz\Documents\TestData\COPY_04_Project_Data\MASHPDB\AKERO\Balanced_20251205
NOTE: [rename_study_domains] SAS output folder name = DAC_SDTM - Copy
NOTE: Libref _INLIB was successfully assigned as follows: 
      Engine:        V9 
      Physical Name: 
      C:\Users\rooneyz\Documents\TestData\COPY_04_Project_Data\MASHPDB\AKERO\Balanced_20251205\SDTM - 
      Copy
NOTE: Table WORK._WORK_SAS created, with 0 rows and 2 columns.

NOTE: PROCEDURE SQL used (Total process time):
      real time           0.04 seconds
      cpu time            0.01 seconds
      

NOTE: Found 0 SAS7BDAT dataset(s) in library, 0 require renaming.
NOTE: All 0 SAS7BDAT dataset(s) already have standard names. No DAC_SDTM - Copy folder created.
NOTE: Libref _INLIB has been deassigned.
10                                          The SAS System               11:43 Wednesday, May 20, 2026


NOTE: Deleting WORK._WORK_SAS (memtype=DATA).
NOTE: PROCEDURE DATASETS used (Total process time):
      real time           0.04 seconds
      cpu time            0.01 seconds
      


NOTE: The infile _XPTLST is:
      Unnamed Pipe Access Device,
      
      PROCESS=dir /b 
      "C:\Users\rooneyz\Documents\TestData\COPY_04_Project_Data\MASHPDB\AKERO\Balanced_20251205\SDTM 
      - Copy\*.xpt" 2>nul,
      RECFM=V,LRECL=32767

NOTE: 0 records were read from the infile _XPTLST.
NOTE: The data set WORK._WORK_XPT has 0 observations and 6 variables.
NOTE: DATA statement used (Total process time):
      real time           0.10 seconds
      cpu time            0.01 seconds
      

NOTE: Fileref _XPTLST has been deassigned.
NOTE: PROCEDURE SQL used (Total process time):
      real time           0.01 seconds
      cpu time            0.00 seconds
      

NOTE: Found 0 XPT file(s), 0 require renaming.

NOTE: Deleting WORK._WORK_XPT (memtype=DATA).
NOTE: PROCEDURE DATASETS used (Total process time):
      real time           0.00 seconds
      cpu time            0.00 seconds
      

NOTE: [rename_study_domains] Processing complete.
NOTE: SAS Institute Inc., SAS Campus Drive, Cary, NC USA 27513-2414
NOTE: The SAS System used:
      real time           0.97 seconds
      cpu time            0.46 seconds
      
