1                                           The SAS System               11:43 Wednesday, May 20, 2026

NOTE: Copyright (c) 2016 by SAS Institute Inc., Cary, NC, USA. 
NOTE: SAS (r) Proprietary Software 9.4 (TS1M5) 
      Licensed to UNIVERSITY OF CALIFORNIA SYSTEM-SFA-T&R, Site 70090515.
NOTE: This session is executing on the X64_DSRV16  platform.



NOTE: Updated analytical products:
      
      SAS/STAT 14.3
      SAS/ETS 14.3
      SAS/IML 14.3
      SAS/QC 14.3

NOTE: Additional host information:

 X64_DSRV16 WIN 10.0.26100  Server

NOTE: SAS initialization used:
      real time           0.42 seconds
      cpu time            0.39 seconds
      
1          /*------------------------------------------------------------------*
2          | PROGRAM NAME : SAStoCSVcli20260320.sas
3          | SHORT DESC   : Batch converts all SAS datasets in a directory to
4          |                CSV format via command-line interface
5          *------------------------------------------------------------------*
6          | CREATED BY   : DAC Development Team
7          | DATE CREATED : 2025-11-21
8          *------------------------------------------------------------------*
9          | VERSION UPDATES:
10         | 2025-11-21: Initial CLI release
11         |   - Added SYSPARM parsing for input and output directories
12         |   - Added automatic creation of DAC_CSV output subfolder
13         |   - Added error log generation
14         | 2026-03-20: File standardized to 20260320 naming convention
15         |   - No functional changes; header and filename updated to match
16         |     the pipeline versioning convention used across all CLI scripts
17         *------------------------------------------------------------------*
18         | PURPOSE
19         | Exports all SAS datasets (.sas7bdat) found in a specified input
20         | directory to CSV format. Output CSV files are placed in a
21         | DAC_CSV subfolder within the specified output directory. An error
22         | log file (error_log.txt) is written to the DAC_Logs subdirectory upon
23         | completion summarizing any SAS errors encountered.
24         |
25         | 1.0: REQUIRED SYSPARM PARAMETERS (pipe-delimited)
26         | INPUT_DIRECTORY  = Path to the folder containing .sas7bdat files
27         |                    to be converted
28         | OUTPUT_DIRECTORY = Path to the folder where the DAC_CSV subfolder
29         |                    and error log will be created
30         |
31         | 2.0: OPTIONAL PARAMETERS
32         | None. All parameters are supplied via SYSPARM.
2                                           The SAS System               11:43 Wednesday, May 20, 2026

33         |
34         | USAGE:
35         |   sas -sysparm "input_directory|output_directory"
36         |       -sysin SAStoCSVcli20260320.sas
37         |
38         | OUTPUT STRUCTURE:
39         |   output_directory\
40         |   ├── DAC_CSV\              - CSV exports of all SAS datasets
41         |   └── DAC_Logs\
42         |       └── error_log.txt     - Error summary from the SAS run
43         *------------------------------------------------------------------*
44         | OPERATING SYSTEM COMPATIBILITY
45         | SAS v9.4 or Higher: Yes
46         *------------------------------------------------------------------*
47         | MACRO CALL
48         |
49         | Not applicable. Script is invoked directly via the SAS command
50         | line using -sysin and -sysparm.
51         *------------------------------------------------------------------*
52         | EXAMPLES
53         |
54         | Basic usage:
55         |   sas -sysparm "C:\data\input|C:\data\output"
56         |       -sysin SAStoCSVcli20260320.sas
57         |
58         | Using a study-specific output folder:
59         |   sas -sysparm "C:\studies\trial1\sas|C:\studies\trial1\output"
60         |       -sysin SAStoCSVcli20260320.sas
61         *------------------------------------------------------------------*/
62         
63         /* 1) Parse SYSPARM to get input and output directories */
64         %let params = %sysfunc(dequote(&SYSPARM));
65         
66         %if %length(&params) = 0 %then %do;
67             %put ERROR: SYSPARM not provided. You must specify input and output directories.;
68             %put ERROR: Usage: sas -sysin path\to\script.sas -SYSPARM
68       ! "C:\path\to\data|C:\path\to\output";
69             %abort cancel;
70         %end;
71         
72         /* Split SYSPARM by pipe delimiter */
73         %let in_dir = %scan(&params, 1, |);
74         %let out_dir = %scan(&params, 2, |);
75         
76         %if %length(&in_dir) = 0 %then %do;
77             %put ERROR: Input directory not provided in SYSPARM.;
78             %put ERROR: Usage: sas -sysin path\to\script.sas -SYSPARM
78       ! "C:\path\to\data|C:\path\to\output";
79             %abort cancel;
80         %end;
81         
82         %if %length(&out_dir) = 0 %then %do;
83             %put ERROR: Output directory not provided in SYSPARM.;
84             %put ERROR: Usage: sas -sysin path\to\script.sas -SYSPARM
3                                           The SAS System               11:43 Wednesday, May 20, 2026

84       ! "C:\path\to\data|C:\path\to\output";
85             %abort cancel;
86         %end;
87         
88         /* Create csv_dir for CSV output */
89         %let csv_dir = &out_dir.\DAC_CSV;
90         
91         %put NOTE: Input directory = &in_dir;
NOTE: Input directory = 
C:\Users\rooneyz\Documents\TestData\COPY_04_Project_Data\MASHPDB\AKERO\Balanced_20251205\SDTM - Copy
92         %put NOTE: Output directory = &out_dir;
NOTE: Output directory = 
C:\Users\rooneyz\Documents\TestData\COPY_04_Project_Data\MASHPDB\AKERO\Balanced_20251205
93         %put NOTE: CSV directory = &csv_dir;
NOTE: CSV directory = 
C:\Users\rooneyz\Documents\TestData\COPY_04_Project_Data\MASHPDB\AKERO\Balanced_20251205\DAC_CSV
94         
95         /* 2) Point a libname to input directory (for *.sas7bdat) */
96         libname inlib "&in_dir";
NOTE: Libref INLIB was successfully assigned as follows: 
      Engine:        V9 
      Physical Name: 
      C:\Users\rooneyz\Documents\TestData\COPY_04_Project_Data\MASHPDB\AKERO\Balanced_20251205\SDTM - 
      Copy
97         
98         /* 3) Create output folder if it does not exist */
99         options noxwait noxsync;
100        data _null_;
101            length out $260 parent $260 rc $260;
102            out = "&out_dir";
103        
104            /* Remove trailing backslash if present */
105            if substr(out, length(out), 1) = '\' then
106                out = substr(out, 1, length(out) - 1);
107        
108            if fileexist(out) then
109                put "NOTE: Directory &out_dir already exists.";
110            else do;
111                /* Get parent directory for dcreate */
112                pos = length(out) - index(reverse(out), '\') + 1;
113                if pos > 0 and pos < length(out) then do;
114                    parent = substr(out, 1, pos - 1);
115                    folder = substr(out, pos + 1);
116                    rc = dcreate(folder, parent);
117                end;
118                else do;
119                    rc = dcreate(out, '');
120                end;
121        
122                if rc ne '' then put "NOTE: Created directory &out_dir successfully.";
123                else put "ERROR: Could not create directory &out_dir";
124            end;
125        run;

4                                           The SAS System               11:43 Wednesday, May 20, 2026

NOTE: Directory C:\Users\rooneyz\Documents\TestData\COPY_04_Project_Data\MASHPDB\AKERO\Balanced_202512
05 already exists.
NOTE: DATA statement used (Total process time):
      real time           0.00 seconds
      cpu time            0.00 seconds
      

126        
127        /* 3a) Create DAC_CSV subfolder */
128        data _null_;
129            length rc $260;
130            if fileexist("&csv_dir") then
131                put "NOTE: Directory &csv_dir already exists.";
132            else do;
133                rc = dcreate('DAC_CSV', "&out_dir");
134                if rc ne '' then put "NOTE: Created directory &csv_dir successfully.";
135                else put "ERROR: Could not create directory &csv_dir";
136            end;
137        run;

NOTE: Created directory C:\Users\rooneyz\Documents\TestData\COPY_04_Project_Data\MASHPDB\AKERO\Balance
d_20251205\DAC_CSV successfully.
NOTE: DATA statement used (Total process time):
      real time           0.00 seconds
      cpu time            0.00 seconds
      

138        
139        /* 3b) Create DAC_Logs subfolder */
140        data _null_;
141            length rc $260;
142            if fileexist("&out_dir.\DAC_Logs") then
143                put "NOTE: Directory &out_dir.\DAC_Logs already exists.";
144            else do;
145                rc = dcreate('DAC_Logs', "&out_dir");
146                if rc ne '' then put "NOTE: Created directory &out_dir.\DAC_Logs successfully.";
147                else put "ERROR: Could not create directory &out_dir.\DAC_Logs";
148            end;
149        run;

NOTE: Directory C:\Users\rooneyz\Documents\TestData\COPY_04_Project_Data\MASHPDB\AKERO\Balanced_202512
05\DAC_Logs already exists.
NOTE: DATA statement used (Total process time):
      real time           0.00 seconds
      cpu time            0.00 seconds
      

150        
151        /* 4) Set up error log file in DAC_Logs subdirectory */
152        filename errlog "&out_dir.\DAC_Logs\error_log.txt";
153        
154        /* 5) Get list of all datasets in INDIR */
155        proc sql noprint;
156            create table work._dslist as
5                                           The SAS System               11:43 Wednesday, May 20, 2026

157            select memname
158            from dictionary.tables
159            where libname = upcase('INLIB')
160            order by memname;
NOTE: Table WORK._DSLIST created, with 0 rows and 1 columns.

161        quit;
NOTE: PROCEDURE SQL used (Total process time):
      real time           0.01 seconds
      cpu time            0.01 seconds
      

162        
163        /* 6) Macro to export all datasets to CSV in csv_dir */
164        %macro export_all_to_csv;
165            %local n i dsname;
166            proc sql noprint;
167                select count(*) into :n trimmed from work._dslist;
168            quit;
169        
170            %if &n = 0 %then %do;
171                %put NOTE: No SAS datasets found in &in_dir;
172                %return;
173            %end;
174        
175            %do i = 1 %to &n;
176                proc sql noprint;
177                    select memname into :dsname trimmed
178                    from work._dslist
179                    where monotonic() = &i;
180                quit;
181                %let csvfile = &csv_dir.\&dsname..csv;
182                %put NOTE: Exporting INLIB.&dsname to &csvfile;
183                proc export data=inlib.&dsname
184                    outfile="&csvfile"
185                    dbms=csv
186                    replace;
187                run;
188            %end;
189        %mend export_all_to_csv;
190        
191        %export_all_to_csv;
NOTE: PROCEDURE SQL used (Total process time):
      real time           0.00 seconds
      cpu time            0.00 seconds
      

NOTE: No SAS datasets found in 
C:\Users\rooneyz\Documents\TestData\COPY_04_Project_Data\MASHPDB\AKERO\Balanced_20251205\SDTM - Copy
192        
193        /* 7) Create error report based on SYSERR */
194        data _null_;
195            length dt $20 syserr_val $10;
196            file errlog;
6                                           The SAS System               11:43 Wednesday, May 20, 2026

197            dt = put(datetime(), datetime20.);
198            syserr_val = symget('SYSERR');
199        
200            put "SAS Error Report";
201            put "Generated: " dt;
202            put "----------------------------------------";
203        
204            if syserr_val ne '0' then do;
205                put "Errors detected. SYSERR = " syserr_val;
206                put "Check the SAS log for details.";
207            end;
208            else do;
209                put "No errors detected in the SAS run.";
210            end;
211        run;

NOTE: The file ERRLOG is:
      
      Filename=C:\Users\rooneyz\Documents\TestData\COPY_04_Project_Data\MASHPDB\AKERO\Balanced_2025120
      5\DAC_Logs\error_log.txt,
      RECFM=V,LRECL=32767,File Size (bytes)=0,
      Last Modified=20May2026:11:44:00,
      Create Time=20May2026:11:44:00

NOTE: 4 records were written to the file ERRLOG.
      The minimum record length was 16.
      The maximum record length was 40.
NOTE: DATA statement used (Total process time):
      real time           0.00 seconds
      cpu time            0.00 seconds
      

212        
213        /* 8) Clean up */
214        libname inlib clear;
NOTE: Libref INLIB has been deassigned.
215        filename errlog clear;
NOTE: Fileref ERRLOG has been deassigned.

NOTE: SAS Institute Inc., SAS Campus Drive, Cary, NC USA 27513-2414
NOTE: The SAS System used:
      real time           0.53 seconds
      cpu time            0.46 seconds
      
