1                                           The SAS System              16:21 Thursday, March 26, 2026

NOTE: Copyright (c) 2016 by SAS Institute Inc., Cary, NC, USA. 
NOTE: SAS (r) Proprietary Software 9.4 (TS1M5) 
      Licensed to UNIVERSITY OF CALIFORNIA SYSTEM-SFA-T&R, Site 70090515.
NOTE: This session is executing on the X64_DSRV16  platform.



NOTE: Updated analytical products:
      
      SAS/STAT 14.3
      SAS/ETS 14.3
      SAS/IML 14.3
      SAS/QC 14.3

NOTE: Additional host information:

 X64_DSRV16 WIN 10.0.26100  Server

NOTE: SAS initialization used:
      real time           0.34 seconds
      cpu time            0.31 seconds
      
1          /*------------------------------------------------------------------*
2          | MACRO NAME  : data_specs_cli20260320
3          | SHORT DESC  : Creates a specifications document on a library of
4          |               datasets with CLI parameter support
5          *------------------------------------------------------------------*
6          | CREATED BY  : Modified for CLI usage
7          | ORIGINAL    : Meyers, Jeffrey (07/28/2016)
8          *------------------------------------------------------------------*
9          | VERSION UPDATES:
10         | 2026-03-20: Extended SYSPARM to support optional macro parameters
11         |   - Optional params passed as key=value pairs after output dir
12         | 2025-01-21: Modified to accept CLI parameters via SYSPARM
13         |   - Added input/output path parsing from SYSPARM
14         |   - Added automatic creation of DAC_Documents folder
15         |   - Added path validation
16         | See original data_specs macro for prior version history.
17         *------------------------------------------------------------------*
18         | PURPOSE
19         | Create a data specifications sheet for all datasets in a
20         | designated directory with CLI parameter support for automated
21         | workflows. Allows for a quick look at the data within a library
22         | or allows for a simple data dictionary to be built.
23         | The macro outputs a report with three types of tables. The first
24         | is a listing of the datasets included in the library along with
25         | the number of rows, number of unique indexes, and number of
26         | variables. The second table shows the number of variables that
27         | exist across multiple datasets along with any different labels
28         | given to them. The last type of table is built for each dataset
29         | on a separate tab listing the variables and specs (label, format,
30         | and values) for each.
31         |
32         | 1.0: REQUIRED SYSPARM PARAMETERS (pipe-delimited)
2                                           The SAS System              16:21 Thursday, March 26, 2026

33         | INPUT_DIRECTORY  = Path to the folder containing SAS datasets
34         |                    (.sas7bdat) to be summarized
35         | OUTPUT_DIRECTORY = Path to the folder where the DAC_Documents
36         |                    subfolder and output file will be created.
37         |                    Must exist prior to execution.
38         |
39         | 2.0: OPTIONAL SYSPARM PARAMETERS (pipe-delimited key=value pairs)
40         | INDEX         = Allows the designation of multiple index variables
41         |                 to determine number of patients or other interest
42         |                 within a dataset.
43         | CAT_THRESHOLD = Determines the number of variable levels that can
44         |                 exist before the program will not output the
45         |                 frequency and percentage of each level. If a
46         |                 numeric variable exceeds this many levels then
47         |                 distribution statistics will be used instead.
48         |                 Must be greater than or equal to 0. Default: 10.
49         | FORMAT        = For the summary of individual datasets this
50         |                 determines if the variables will be listed in
51         |                 CONDENSED (one row per variable), LONG (one
52         |                 column), or WIDE (one row) format. Options are
53         |                 LONG, CONDENSED, and WIDE. Default is LONG.
54         | ORDER         = Determines how the variables will be ordered in
55         |                 the dataset summary tabs. VARNUM will order by
56         |                 the variable order in the dataset and NAME will
57         |                 order alphabetically. Options are VARNUM and NAME.
58         |                 Default is VARNUM.
59         | WHERE         = Allows a WHERE clause to be used on the dictionary
60         |                 table to subset the datasets included.
61         | DEBUG         = Determines if notes are on/off and if temporary
62         |                 datasets are cleaned up. Options are 0 (no notes,
63         |                 datasets cleaned up) and 1 (notes shown, datasets
64         |                 left behind). Default is 0.
65         |
66         | USAGE:
67         |   sas -sysparm "input_directory|output_directory[|key=value|...]"
68         |       -sysin data_specs_cli20260320.sas
69         |
70         | OUTPUT STRUCTURE:
71         |   output_directory\
72         |   └── DAC_Documents\
73         |       └── data_specs<GGG_PARENT><GG_PARENT><G_PARENT><YYYYMMDD>.xlsx
74         |           (summary sheet + one sheet per dataset)
75         *------------------------------------------------------------------*
76         | OPERATING SYSTEM COMPATIBILITY
77         | SAS v9.4 or Higher: Yes
78         *------------------------------------------------------------------*
79         | MACRO CALL
80         |
81         | Not applicable. Script is invoked directly via the SAS command
82         | line using -sysin and -sysparm. Optional parameters are passed
83         | as pipe-delimited key=value pairs within SYSPARM.
84         |
85         | Equivalent direct macro call (for reference):
86         |   %data_specs_cli(
3                                           The SAS System              16:21 Thursday, March 26, 2026

87         |       index=,
88         |       cat_threshold=10,
89         |       where=,
90         |       format=long,
91         |       order=varnum,
92         |       debug=0
93         |   );
94         *------------------------------------------------------------------*
95         | EXAMPLES
96         |
97         | Basic usage (default options):
98         |   sas -sysparm "C:\data\input|C:\data\output"
99         |       -sysin data_specs_cli20260320.sas
100        |
101        | Wide format, alphabetical variable order:
102        |   sas -sysparm "C:\data\input|C:\data\output|format=wide|order=name"
103        |       -sysin data_specs_cli20260320.sas
104        |
105        | With index variable and custom category threshold:
106        |   sas -sysparm "C:\data\input|C:\data\output|index=USUBJID|cat_threshold=5"
107        |       -sysin data_specs_cli20260320.sas
108        |
109        | Full options example with debug enabled:
110        |   sas -sysparm
110      ! "C:\data\input|C:\data\output|index=USUBJID|format=condensed|order=name|cat_threshold=15|de
110      ! bug=1"
111        |       -sysin data_specs_cli20260320.sas
112        *------------------------------------------------------------------*
113        | This program is free software; you can redistribute it and/or
114        | modify it under the terms of the GNU General Public License as
115        | published by the Free Software Foundation; either version 2 of
116        | the License, or (at your option) any later version.
117        |
118        | This program is distributed in the hope that it will be useful,
119        | but WITHOUT ANY WARRANTY; without even the implied warranty of
120        | MERCHANTABILITY or FITNESS FOR A PARTICULAR PURPOSE. See the GNU
121        | General Public License for more details.
122        *------------------------------------------------------------------*/
123        
124        %macro data_specs_cli(
125            /*Optional Parameters*/
126            index=,cat_threshold=10,where=,format=long,order=varnum,
127            debug=0);
128        
129            /**Save current options to reset after macro runs**/
130            %local _mergenoby _notes _quotelenmax _starttime _listing;
131            %let _starttime=%sysfunc(time());
132            %let _notes=%sysfunc(getoption(notes));
133            %let _mergenoby=%sysfunc(getoption(mergenoby));
134            %let _quotelenmax=%sysfunc(getoption(quotelenmax));
135        
136            /*Set Options*/
137            options NOQUOTELENMAX nonotes mergenoby=nowarn;
138        
4                                           The SAS System              16:21 Thursday, March 26, 2026

139            /**Parse SYSPARM for input and output paths**/
140            %local sysparm_value indir outdir pipe_pos;
141            %let sysparm_value = &sysparm;
142            %put DEBUG: Raw SYSPARM value = &sysparm_value;
143        
144            %let pipe_pos = %sysfunc(findc(&sysparm_value, |));
145            %put DEBUG: Pipe position = &pipe_pos;
146        
147            %if &pipe_pos > 0 %then %do;
148                %let indir = %substr(&sysparm_value, 1, %eval(&pipe_pos - 1));
149                %local remaining pipe2_pos;
150                %let remaining = %substr(&sysparm_value, %eval(&pipe_pos + 1));
151        
152                /* Check for additional pipe-separated optional parameters */
153                %let pipe2_pos = %sysfunc(findc(&remaining, |));
154                %if &pipe2_pos > 0 %then %do;
155                    %let outdir = %substr(&remaining, 1, %eval(&pipe2_pos - 1));
156                    %local extra_params ep_count ep_i ep_curr ep_name eq_pos ep_value;
157                    %let extra_params = %substr(&remaining, %eval(&pipe2_pos + 1));
158                    %let ep_count = %sysfunc(countw(&extra_params, |));
159                    %do ep_i = 1 %to &ep_count;
160                        %let ep_curr = %scan(&extra_params, &ep_i, |);
161                        %let eq_pos = %sysfunc(findc(&ep_curr, =));
162                        %if &eq_pos > 0 %then %do;
163                            %let ep_name = %qupcase(%substr(&ep_curr, 1, %eval(&eq_pos - 1)));
164                            %if %eval(&eq_pos) < %length(&ep_curr) %then
165                                %let ep_value = %substr(&ep_curr, %eval(&eq_pos + 1));
166                            %else
167                                %let ep_value = ;
168                            %if &ep_name = INDEX %then %let index = &ep_value;
169                            %else %if &ep_name = CAT_THRESHOLD %then %do;
170                                %if %sysevalf(%superq(ep_value)^=,boolean) %then %let cat_threshold
170      !  = &ep_value;
171                            %end;
172                            %else %if &ep_name = FORMAT %then %do;
173                                %if %sysevalf(%superq(ep_value)^=,boolean) %then %let format =
173      ! &ep_value;
174                            %end;
175                            %else %if &ep_name = ORDER %then %do;
176                                %if %sysevalf(%superq(ep_value)^=,boolean) %then %let order =
176      ! &ep_value;
177                            %end;
178                            %else %if &ep_name = WHERE %then %let where = &ep_value;
179                            %else %if &ep_name = DEBUG %then %do;
180                                %if %sysevalf(%superq(ep_value)^=,boolean) %then %let debug =
180      ! &ep_value;
181                            %end;
182                        %end;
183                    %end;
184                    %put DEBUG: Parsed extra params: index=&index cat_threshold=&cat_threshold
184      ! format=&format order=&order debug=&debug;
185                %end;
186                %else %do;
187                    %let outdir = &remaining;
5                                           The SAS System              16:21 Thursday, March 26, 2026

188                %end;
189            %end;
190            %else %do;
191                %put ERROR: Invalid SYSPARM format. Expected: input_directory|output_directory;
192                %goto errhandl;
193            %end;
194        
195            %put DEBUG: Input Directory = &indir;
196            %put DEBUG: Output Directory = &outdir;
197        
198            /**Validate directories exist**/
199            %local indir_exist outdir_exist;
200            %let indir_exist = %sysfunc(fileexist(&indir));
201            %let outdir_exist = %sysfunc(fileexist(&outdir));
202        
203            %put DEBUG: Input directory exists = &indir_exist;
204            %put DEBUG: Output directory exists = &outdir_exist;
205        
206            %if &indir_exist = 0 %then %do;
207                %put ERROR: Input directory does not exist: &indir;
208                %goto errhandl;
209            %end;
210        
211            %if &outdir_exist = 0 %then %do;
212                %put ERROR: Output directory does not exist: &outdir;
213                %goto errhandl;
214            %end;
215        
216            /**Create DAC_Documents folder if it doesn't exist**/
217            %local doc_dir doc_exist rc;
218            %let doc_dir = &outdir\DAC_Documents;
219            %let doc_exist = %sysfunc(fileexist(&doc_dir));
220        
221            %if &doc_exist = 0 %then %do;
222                %put DEBUG: Creating directory &doc_dir;
223                %let rc = %sysfunc(dcreate(DAC_Documents, &outdir));
224                %if &rc = %then %do;
225                    %put ERROR: Failed to create directory &doc_dir;
226                    %goto errhandl;
227                %end;
228                %put DEBUG: Successfully created &doc_dir;
229            %end;
230            %else %do;
231                %put DEBUG: Directory &doc_dir already exists;
232            %end;
233        
234            /**Assign library to input directory**/
235            libname inlib "&indir";
236        
237            %if %sysfunc(libref(inlib)) ^= 0 %then %do;
238                %put ERROR: Failed to assign library to &indir;
239                %goto errhandl;
240            %end;
241        
6                                           The SAS System              16:21 Thursday, March 26, 2026

242            /**Set output file path**/
243            %local out_file g_parent gg_parent ggg_parent;
244            %let g_parent = %scan(&indir, -1, \);
245            %let gg_parent = %scan(&indir, -2, \);
246            %let ggg_parent = %scan(&indir, -3, \);
247            %let out_file =
247      ! &doc_dir\data_specs%sysfunc(compress(&ggg_parent,,ka))%sysfunc(compress(&gg_parent,,ka))%sy
247      ! sfunc(compress(&g_parent,,ka))%sysfunc(today(),yymmddn8.).xlsx;
248            %put DEBUG: Output file = &out_file;
249        
250            /**See if the listing output is turned on**/
251            proc sql noprint;
252                select 1 into :_listing separated by '' from sashelp.vdest where
252      ! upcase(destination)='LISTING';
253            quit;
254        
255            /**Process Error Handling**/
256            %if &sysver < 9.4 %then %do;
257                %put ERROR: SAS must be version 9.4 or later;
258                %goto errhandl;
259            %end;
260        
261            %local nerror;
262            %let nerror=0;
263        
264            /**Error Handling on Global Parameters**/
265            %macro _gparmcheck(parm, parmlist);
266                %local _test _z;
267                %let _test=0;
268                /**Check if values are in approved list**/
269                %do _z=1 %to %sysfunc(countw(&parmlist,|,m));
270                    %if %qupcase(%superq(&parm))=%qupcase(%scan(&parmlist,&_z,|,m)) %then %let
270      ! _test=1;
271                %end;
272                %if &_test ^= 1 %then %do;
273                    /**If not then throw error**/
274                    %put ERROR: (Global: %qupcase(&parm)): %superq(&parm) is not a valid value;
275                    %put ERROR: (Global: %qupcase(&parm)): Possible values are &parmlist;
276                    %let nerror=%eval(&nerror+1);
277                %end;
278            %mend;
279        
280            /*Data display format*/
281            %_gparmcheck(format,condensed|wide|long)
282            /*Variable Order*/
283            %_gparmcheck(order,varnum|name)
284            /*Debug switch*/
285            %_gparmcheck(debug,0|1)
286        
287            /**Error Handling on Global Model Numeric Variables**/
288            %macro _gnumcheck(parm, min);
289                /**Check if missing**/
290                %if %sysevalf(%superq(&parm)^=,boolean) %then %do;
291                    %if %sysfunc(notdigit(%sysfunc(compress(%superq(&parm),-.)))) > 0 %then %do;
7                                           The SAS System              16:21 Thursday, March 26, 2026

292                        /**Check if character value**/
293                        %put ERROR: (Global: %qupcase(&parm)) Must be numeric.
293      ! %qupcase(%superq(&parm)) is not valid.;
294                        %let nerror=%eval(&nerror+1);
295                    %end;
296                    %else %if %superq(&parm) < &min %then %do;
297                        /**Makes sure number is not less than the minimum**/
298                        %put ERROR: (Global: %qupcase(&parm)) Must be greater than %superq(min).
298      ! %qupcase(%superq(&parm)) is not valid.;
299                        %let nerror=%eval(&nerror+1);
300                    %end;
301                %end;
302                %else %do;
303                    /**Throw Error**/
304                    %put ERROR: (Global: %qupcase(&parm)) Cannot be missing;
305                    %put ERROR: (Global: %qupcase(&parm)) Possible values are numeric values
305      ! greater than or equal to %superq(min);
306                    %let nerror=%eval(&nerror+1);
307                %end;
308            %mend;
309        
310            /*Categories cut-off*/
311            %_gnumcheck(cat_threshold,0);
312        
313            /*** If any errors exist, stop macro and send to end ***/
314            %if &nerror > 0 %then %do;
315                %put ERROR: &nerror pre-run errors listed;
316                %put ERROR: Macro DATA_SPECS_CLI will cease;
317                %goto errhandl;
318            %end;
319        
320            %if &debug=1 %then %do;
321                options notes mprint;
322            %end;
323        
324            /*Creates dictionary table for library*/
325            proc contents data=inlib._all_
326                out=_specs_ (%if %sysevalf(%superq(where)^=,boolean) %then %do;
327                             where=(&where)
328                             %end;) noprint;
329            run;
330        
331            /*Sorts by VARNUM or NAME*/
332            proc sort data=_specs_;
333                by memname %superq(order);
334            run;
335        
336            /**Set up Data sets to insert into**/
337            proc sql;
338                /**Data set for specifications**/
339                create table _data_specs_
340                    (data_id num,
341                    dsn char(300) 'Data Set Name (Label)',
342                    var_name char(40) 'Name',
8                                           The SAS System              16:21 Thursday, March 26, 2026

343                    type char(10) 'Type',
344                    length char(20) 'Length',
345                    format char(40) 'Format',
346                    informat char(40) 'Informat',
347                    label char(256) 'Label',
348                    cat_values char(10000) 'Category Values',
349                    spec char(30) 'Specification',
350                    value char(10000) 'Value');
351                /**Data set for high level summary of library**/
352                create table _libn_summary_
353                    (dsn char(300) 'Data Set Name',
354                    obs num 'Observations',
355                    unique_index num "Unique Index Values (%qupcase(%sysfunc(tranwrd(&index,|,%str(
355      !  or )))))",
356                    variables num 'Number of Variables');
357                /**Data set for variables in multiple datasets**/
358                create table _var_summary_
359                    (var_name char(40) 'Variable Name',
360                    dsn_list char(10000) 'Datasets Containing Variable',
361                    labels char(10000) 'Variable Label(s)');
362            quit;
363        
364            /*Gets list of datasets within library*/
365            %local datalist;
366            proc sql noprint;
367                select distinct memname into :datalist separated by ' '
368                    from _specs_;
369            quit;
370        
371            /*Loops between datasets in library*/
372            %local i j varlist curr_index n_numeric;
373            %do i = 1 %to %sysfunc(countw(&datalist,%str( )));
374                %put Progress: %scan(&datalist,&i,%str( )): &i of %sysfunc(countw(&datalist,%str(
374      ! )));
375                %local varlist&i;
376                %let varlist&i=;
377        
378                /*Creates list of all variables in data set*/
379                proc sql noprint;
380                    select name into :varlist&i separated by ' '
381                        from _specs_ where upcase(memname)=upcase("%scan(&datalist,&i,%str( ))");
382                quit;
383        
384                %let curr_index=;
385                /*Determine if index variables are present*/
386                %local index_varn index_set j k l;
387                %let index_varn=;%let index_set=;
388                %if %sysevalf(%superq(index)^=,boolean) %then %do j = 1 %to
388      ! %sysfunc(countw(&&varlist&i,%str( )));
389                    %do k=1 %to %sysfunc(countw(%superq(index),|));
390                        %if %sysevalf(%superq(index_set)=,boolean) or
390      ! %sysevalf(%superq(index_set)=&k,boolean) %then %do l = 1 %to
390      ! %sysfunc(countw(%scan(&index,&k,|),%str( )));
391                            %if %sysevalf(%qupcase(%scan(&&varlist&i,&j,%str(
9                                           The SAS System              16:21 Thursday, March 26, 2026

391      ! )))=%qupcase(%qscan(%qscan(&index,&k,|),&l,%str( ))),boolean) %then %let
391      ! index_varn=&index_varn &j;
392                        %end;
393                    %end;
394                %end;
395        
396                /*Creates macro variables for variable format and type*/
397                data __temp;
398                    set inlib.%scan(&datalist,&i,%str( ));
399                    if _n_=1 then do;
400                        %do j = 1 %to %sysfunc(countw(&&varlist&i,%str( )));
401                            %local v&j.format v&j.type;
402                            call symput("v&j.format",vformat(%scan(&&varlist&i,&j,%str( ))));
403                            call symput("v&j.type",vtype(%scan(&&varlist&i,&j,%str( ))));
404                        %end;
405                    end;
406                    rename %do j = 1 %to %sysfunc(countw(&&varlist&i,%str( )));
406      ! %scan(&&varlist&i,&j,%str( ))=_var&j %end;;
407                run;
408        
409                %if %sysevalf(%superq(index_varn)^=,boolean) %then %do;
410                    proc sort data=__temp;
411                        by %do j=1 %to %sysfunc(countw(&index_varn,%str( )));
411      ! _var%scan(&index_varn,&j,%str( )) %end;;
412                    run;
413        
414                    data __temp;
415                        set __temp;
416                        by %do j=1 %to %sysfunc(countw(&index_varn,%str( )));
416      ! _var%scan(&index_varn,&j,%str( )) %end;;
417                        if first._var%scan(&index_varn,%eval(%sysfunc(countw(&index_varn,%str(
417      ! )))-1+1),%str( )) then _index_+1;
418                    run;
419                %end;
420        
421                /*Creates variable lists*/
422                proc sql noprint;
423                    /*Finds number of numeric values*/
424                    select sum(ifn(type=1,1,0)) into :n_numeric separated by ' '
425                        from _specs_ where upcase(memname)=upcase("%scan(&datalist,&i,%str( ))");
426        
427                    /*Inserts current dataset specs into table*/
428                    insert into _data_specs_
429                        select &i,
430                        strip(memname)||
431                           case(memlabel)
432                               when '' then ''
433                        else ' ('||strip(memlabel)||')' end,
434                        name,
435                        case(type)
436                          when 1 then 'Numeric'
437                          when 2 then 'Character'
438                        else '' end,
439                        strip(put(length,12.)),
10                                          The SAS System              16:21 Thursday, March 26, 2026

440                        format,
441                        informat,
442                        label,
443                        '',
444                        '',
445                        ''
446                        from _specs_ where upcase(memname)=upcase("%scan(&datalist,&i,%str( ))");
447        
448                    /*Inserts high level dataset specs into library table*/
449                    insert into _libn_summary_
450                        select a.dsn,
451                        a.nobs,
452                        b.unique_index,
453                        a.n
454                        from (select distinct &i as data_id, strip(memname)||
455                           case(memlabel)
456                               when '' then ''
457                            else ' ('||strip(memlabel)||')' end as dsn,nobs,count(distinct name) as
457      !  n from _specs_
458                                 where upcase(memname)=upcase("%scan(&datalist,&i,%str( ))") group
458      ! by nobs) as a left join
459                          %if %sysevalf(%superq(index_varn)^=,boolean) %then %do;
460                             (select distinct &i as data_id,"%scan(&datalist,&i,%str( ))" as
460      ! dsn,count(distinct _index_) as unique_index
461                                from __temp) as b
462                          %end;
463                          %else %do;
464                             (select distinct &i as data_id,"%scan(&datalist,&i,%str( ))" as dsn,0
464      ! as unique_index
465                                  from inlib.%scan(&datalist,&i,%str( ))) as b
466                          %end;
467                          on a.data_id=b.data_id;
468        
469                    /*Initializes and creates macro variables for levels of each variable*/
470                    %local n nothing;
471                    %do j = 1 %to %sysfunc(countw(&&varlist&i,%str( )));
472                       %local n_&j levels_&j;
473                       %let n_&j=;%let levels_&j=;
474                    %end;
475        
476                    select %do j = 1 %to %sysfunc(countw(&&varlist&i,%str( )));
477                        count(distinct _var&j),
478                        %end;
479                        count(*) into
480                        %do j = 1 %to %sysfunc(countw(&&varlist&i,%str( )));
481                          :n_&j,
482                        %end; :n from __temp;
483                quit;
484        
485                %local n_frq n_dist n_miss;
486                %let n_frq=;%let n_dist=;%let n_miss=;
487                %if &n > 0 %then %do;
488                    /**Determine how each variable should be summarized**/
489                    %do j = 1 %to %sysfunc(countw(&&varlist&i,%str( )));
11                                          The SAS System              16:21 Thursday, March 26, 2026

490                        %if %superq(v&j.type)=N %then %do;
491                            %if %superq(n_&j) <= &cat_threshold %then %let n_frq=&n_frq &j;
492                            %else %let n_dist=&n_dist &j;
493                        %end;
494                        %else %do;
495                            %if %superq(n_&j) <= &cat_threshold %then %let n_frq=&n_frq &j;
496                            %else %let n_miss=&n_miss &j;
497                        %end;
498                    %end;
499        
500                    ods select none;
501                    ods noresults;
502        
503                    /*Creates frequencies for all variables under the threshold*/
504                    %if %sysevalf(%superq(n_frq)^=,boolean) %then %do;
505                        proc freq data=__temp;
506                            table %do j = 1 %to %sysfunc(countw(&n_frq,%str( )));
507                                      _var%scan(&n_frq,&j,%str( ))
508                                  %end; / missing;
509                            ods output onewayfreqs=_frqs_;
510                        run;
511                    %end;
512        
513                    /*Creates distributions for all numeric variables above the threshold*/
514                    %if %sysevalf(%superq(n_dist)^=,boolean) %then %do;
515                        proc means data=__temp missing noprint;
516                            var %do j = 1 %to %sysfunc(countw(&n_dist,%str( )));
517                                     _var%scan(&n_dist,&j,%str( ))
518                                 %end;;
519                            output out=_distribution_ n= nmiss= mean= std= median= min= max= /
519      ! autoname;
520                        run;
521                    %end;
522        
523                    ods select all;
524                    ods results;
525                %end;
526        
527                proc sql noprint;
528                    /*Creates macro variables for values of variables*/
529                    %do j = 1 %to %sysfunc(countw(&&varlist&i,%str( )));
530                        /*If number of distinct levels are less than the threshold*/
531                        %if &n > 0 and %superq(n_&j) <= &cat_threshold %then %do;
532                            select case (missing(f__var&j))
533                                when 1 then 'Missing'
534                                else case
535                                     when %if %superq(v&j.type)=N %then %do;
535      ! strip(put(_var&j,best12.)) %end;
536                                          %else %do; strip(_var&j) %end; = strip(f__var&j) then
536      ! strip(f__var&j)
537                                     else %if %superq(v&j.type)=N %then %do;
537      ! strip(put(_var&j,best12.)) %end;
538                                          %else %do; strip(_var&j) %end; ||' (' ||
538      ! strip(f__var&j)||')' end end
12                                          The SAS System              16:21 Thursday, March 26, 2026

539                                ||': '||strip(put(frequency,comma12.))||'
539      ! ('||strip(put(percent,12.1))||'%)'
540                                into :levels_&j separated by '^n '
541                                from _frqs_ where upcase(table)=upcase("Table _var&j");
542                        %end;
543                        %else %if &n > 0 and %superq(v&j.type)=N and
543      ! %sysevalf(%superq(n_dist)^=,boolean) %then %do;
544                            /*If number of distinct levels are greater than the threshold and
544      ! variable is numeric*/
545                            select 'N (N Missing): '||strip(put(_var&j._n,comma12.0))||'
545      ! ('||strip(put(_var&j._nmiss,comma12.0))||')^n '||
546                                'Median: '||strip(Put(_var&j._median,&&v&j.format))||'^n '||
547                                'Range: '||strip(put(_var&j._min,&&v&j.format))||' -
547      ! '||strip(put(_var&j._max,&&v&j.format))
548                                into :levels_&j separated by '' from _distribution_;
549                        %end;
550                        /*Otherwise leave blank*/
551                        %else %do;
552                            select 'N (N Missing): ' ||strip(put(sum(^missing(_var&j)),12.0)) ||'
552      ! ('||
553                                strip(put(sum(missing(_var&j)),12.0)) ||')' into :levels_&j
553      ! separated by ''
554                                from __temp;
555                        %end;
556                    %end;
557        
558                    /*Delete temporary datasets*/
559                    %if %sysevalf(%superq(n_frq)^=,boolean) %then %do;
560                        drop table _frqs_;
561                    %end;
562                    %if %sysevalf(%superq(n_dist)^=,boolean) %then %do;
563                        drop table _distribution_;
564                    %end;
565        
566                    /*Update formats and values into the specifications data set*/
567                    update _data_specs_
568                        set format=case (upcase(var_name))
569                        %do j = 1 %to %sysfunc(countw(&&varlist&i,%str( )));
570                          when upcase("%scan(&&varlist&i,&j,%str( ))") then "%superq(v&j.format)"
571                        %end;
572                        else '' end,
573                        cat_values=case (upcase(var_name))
574                        %do j = 1 %to %sysfunc(countw(&&varlist&i,%str( )));
575                          when upcase("%scan(&&varlist&i,&j,%str( ))") then "%superq(levels_&j)"
576                        %end;
577                        else '' end
578                        where strip(scan(upcase(dsn),1,'('))=upcase("%scan(&datalist,&i,%str( ))");
579                    drop table __temp;
580                quit;
581            %end;
582        
583            /*Transposes some specifications to long form*/
584            data _data_specs_;
585                set _data_specs_;
13                                          The SAS System              16:21 Thursday, March 26, 2026

586        
587                spec='Variable';value=strip(var_name);output;
588                spec='Label';value=strip(label);output;
589                spec='Format';
590                if upcase(type)='NUMERIC' then value='Numeric with format '||strip(format);
591                else if upcase(type)='CHARACTER' then value='Character string of length
591      ! '||strip(length)||' and format '||
592                    strip(format);
593                output;
594                %if %sysevalf(%qupcase(&format)=LONG, boolean) %then %do; if ^missing(cat_values)
594      ! then do; %end;
595                    spec='Values';value=strip(cat_values);output;
596                %if %sysevalf(%qupcase(&format)=LONG, boolean) %then %do; end; %end;
597            run;
598        
599            /*Transpose into condensed form*/
600            proc transpose data=_data_specs_ out=_data_specs_condensed (drop=_name_ _label_);
601                by data_id notsorted var_name;
602                id spec;
603                var value;
604            run;
605        
606            /*Merges variables into wide dataset*/
607            %if %sysevalf(%qupcase(&format)=WIDE, boolean) %then %do;
608                %do i = 1 %to %sysfunc(countw(&datalist,%str( )));
609                    data _data_specs_wide&i;
610                        merge
611                            %do j = 1 %to %sysfunc(countw(&&varlist&i,%str( )));
612                                _data_specs_ (keep=data_id dsn spec value var_name
612      ! where=(data_id=&i and upcase(var_name)=upcase("%scan(%superq(varlist&i),&j,%str( ))"))
613                                              rename=(var_name=var_name&j value=value&j))
614                            %end;;
615                    run;
616                %end;
617                data _data_specs_wide;
618                    set %do i = 1 %to %sysfunc(countw(&datalist,%str( ))); _data_specs_wide&i %end;
618      ! ;
619                run;
620            %end;
621        
622            /*Completes variables across multiple datasets table*/
623            proc sql noprint;
624                %local multilist;
625                %let multilist=;
626                /*Find variables in multiple datasets*/
627                select distinct upcase(name) into :multilist separated by ' '
628                    from _specs_ where upcase(name) ^in("%sysfunc(tranwrd(%upcase(&index),%str( ),
628      ! " "))")
629                    group by upcase(name) having count(*)>1;
630        
631                /*Find Dataset name and label for variables*/
632                %do i = 1 %to %sysfunc(countw(&multilist,%str( )));
633                    %local dlist&i dlabels&i;
634                    %let dlist&i=;%let dlabels&i=;
14                                          The SAS System              16:21 Thursday, March 26, 2026

635                    select memname into :dlist&i separated by ', '
636                        from _specs_ where upcase(name)="%scan(&multilist,&i,%str( ))";
637                    select distinct strip(label) into :dlabels&i separated by '^n'
638                        from _specs_ where upcase(name)="%scan(&multilist,&i,%str( ))";
639                %end;
640        
641                /*Insert values into dataset*/
642                %if %sysevalf(%superq(multilist)^=,boolean) %then %do;
643                    insert into _var_summary_
644                        %do i = 1 %to %sysfunc(countw(&multilist,%str( )));
645                            set var_name="%scan(&multilist,&i,%str( ))",
646                                dsn_list="%superq(dlist&i)",
647                                labels="%superq(dlabels&i)"
648                        %end;
649                        ;
650                %end;
651            quit;
652        
653            /*Print out datasets*/
654            ods escapechar='^';
655            %if &_listing=1 %then %do;
656                ods listing close;
657            %end;
658            ods noresults;
659        
660            /*First tab has library summary and variables in multiple datasets summary*/
661            ods excel file="&out_file" options(sheet_name="Library %qupcase(&libname_text) -
661      ! Summary" sheet_interval='none' flow='tables');
662            proc report data=_libn_summary_ nowd
663                style(header)={background=white just=c fontfamily='Times New Roman' fontsize=9pt}
664                style(column)={background=white just=left vjust=top fontfamily='Times New Roman'
664      ! fontsize=9pt};
665                columns ("Summary of Datasets within Library - %qupcase(&libname_text)" dsn obs
665      ! unique_index variables);
666        
667                define dsn / display width=50;
668                define unique_index / display width=50 center;
669                define obs / display width=50 center;
670                define variables / display width=50 center;
671        
672                compute variables;
673                    shade+1;
674                    if mod(shade,2)=0 then call
674      ! define(_row_,'style/merge','style={background=greyef}');
675                    if substr('Dataset - '||strip(dsn),1,28)=substr('Dataset -
675      ! '||strip(tempname),1,28) then do;
676                       if tempnamen=. then tempnamen=2;
677                       else tempnamen+1;
678                       urlstring="#'"||substr('Dataset - '||strip(dsn),1,28)||'
678      ! '||strip(put(tempnamen,12.0))||"'!A3";
679                    end;
680                    else do;
681                       urlstring="#'"||substr('Dataset - '||strip(dsn),1,28)||"'!A3";
682                       tempnamen=.;
15                                          The SAS System              16:21 Thursday, March 26, 2026

683                    end;
684                    if ^missing(dsn) then call define('dsn','url',urlstring);
685                endcomp;
686            run;
687        
688            proc report data=_var_summary_ nowd
689                style(header)={background=white just=c fontfamily='Times New Roman' fontsize=9pt}
690                style(column)={background=white just=left vjust=top fontfamily='Times New Roman'
690      ! fontsize=9pt};
691                columns ("Variables that Exist Across Multiple Datasets" var_name dsn_list labels);
692        
693                define dsn_list / display width=50;
694                define var_name / display width=50;
695                define labels / display width=50;
696        
697                compute labels;
698                    shade+1;
699                    if mod(shade,2)=0 then call
699      ! define(_row_,'style/merge','style={background=greyef}');
700                endcomp;
701            run;
702        
703            %local topref;
704            %let topref=%str(=HYPERLINK("#'Library %qupcase(&libname_text) - Summary'!A4","Click to
704      !  Return to Top Summary"));
705        
706            /*Print one tab for each dataset: either long or wide form*/
707            %do i = 1 %to %sysfunc(countw(&datalist,%str( )));
708                %if %sysevalf(%qupcase(&format)=LONG, boolean) %then %do;
709                    ods excel options(sheet_name="Dataset - %scan(&datalist,&i,%str( ))"
709      ! sheet_interval='table' frozen_headers='2');
710                    proc report data=_data_specs_ nowd
711                        style(header)={background=white just=c fontfamily='Times New Roman'
711      ! fontsize=9pt}
712                        style(column)={background=white just=left vjust=top fontfamily='Times New
712      ! Roman' fontsize=9pt};
713                        columns ("Dataset Name: %scan(&datalist,&i,%str( ))" ("%superq(topref)"
713      ! var_name spec value));
714        
715                        define var_name / order order=data width=50 noprint;
716                        define spec / display width=50;
717                        define value / display width=50;
718        
719                        compute value;
720                            if ^missing(var_name) then do;
721                                shade+1;
722                                call define(_row_,'style/merge','style={bordertopwidth=0.5pt
722      ! bordertopcolor=black bordertopstyle=solid}');
723                            end;
724                            if mod(shade,2)=0 then call
724      ! define(_row_,'style/merge','style={background=greyef}');
725                        endcomp;
726                        where data_id=&i;
727                    run;
16                                          The SAS System              16:21 Thursday, March 26, 2026

728                %end;
729                %else %if %sysevalf(%qupcase(&format)=CONDENSED, boolean) %then %do;
730                    ods excel options(sheet_name="Dataset - %scan(&datalist,&i,%str( ))"
730      ! sheet_interval='table' frozen_headers='2');
731                    proc report data=_data_specs_condensed nowd
732                        style(header)={background=white just=c fontfamily='Times New Roman'
732      ! fontsize=9pt}
733                        style(column)={background=white just=left vjust=top fontfamily='Times New
733      ! Roman' fontsize=9pt};
734                        columns ("Dataset Name: %scan(&datalist,&i,%str( ))"  ("%superq(topref)"
734      ! var_name label format values));
735        
736                        define var_name / order order=data width=50 'Variable';
737                        define label / display width=50;
738                        define format / display width=50;
739                        define values / display width=50;
740        
741                        compute values;
742                            shade+1;
743                            call define(_row_,'style/merge','style={bordertopwidth=0.5pt
743      ! bordertopcolor=black bordertopstyle=solid}');
744                            if mod(shade,2)=0 then call
744      ! define(_row_,'style/merge','style={background=greyef}');
745                        endcomp;
746                        where data_id=&i;
747                    run;
748                %end;
749                %else %if %sysevalf(%qupcase(&format)=WIDE, boolean) %then %do;
750                    ods excel options(sheet_name="Dataset - %scan(&datalist,&i,%str( ))"
750      ! sheet_interval='table' frozen_headers='1' frozen_rowheaders='1');
751                    proc report data=_data_specs_wide nowd
752                        style(header)={background=white just=c fontfamily='Times New Roman'
752      ! fontsize=9pt}
753                        style(column)={background=white just=left vjust=top fontfamily='Times New
753      ! Roman' fontsize=9pt};
754                        columns ("Dataset Name: %scan(&datalist,&i,%str( ))"  ("%superq(topref)"
754      ! spec
755                        %do j = 1 %to %sysfunc(countw(&&varlist&i,%str( )));
756                            value&j
757                        %end;));
758        
759                        define spec / display width=50 ' ';
760                        %do j = 1 %to %sysfunc(countw(&&varlist&i,%str( )));
761                            define value&j / display width=50 ' ' style={cellwidth=2in};
762                        %end;
763        
764                        compute spec;
765                            shade+1;
766                            if mod(shade,2)=0 then call
766      ! define(_row_,'style/merge','style={background=greyef}');
767                        endcomp;
768                        where data_id=&i;
769                    run;
770                %end;
17                                          The SAS System              16:21 Thursday, March 26, 2026

771            %end;
772        
773            ods excel close;
774            ods results;
775        
776            %if &_listing=1 %then %do;
777                ods listing;
778            %end;
779        
780            /**Delete temporary datasets**/
781            proc datasets nolist nodetails;
782                %if &debug=0 %then %do;
783                    delete _data_specs_ _data_specs_condensed _data_specs_wide _libn_summary_
783      ! _specs_ _var_summary_
784                        %do i = 1 %to %sysfunc(countw(&datalist,%str( ))); _data_specs_wide&i %end;
784      ! ;
785                %end;
786            quit;
787        
788            libname inlib clear;
789        
790            %put NOTE: Data specifications document created: &out_file;
791        
792            %errhandl:
793            /**Reload previous Options**/
794            options mergenoby=&_mergenoby &_notes &_quotelenmax;
795            %put DATA_SPECS_CLI has finished processing, runtime:
795      ! %sysfunc(putn(%sysevalf(%sysfunc(TIME())-&_starttime.),mmss.));
796        %mend;
797        
798        %data_specs_cli;
DEBUG: Raw SYSPARM value = 
C:\Users\rooneyz\Documents\TestData\HarmTestData|E:\output|index=|cat_threshold=10|format=long|order=v
arnum|where=|debug=0
DEBUG: Pipe position = 49
DEBUG: Parsed extra params: index= cat_threshold=10 format=long order=varnum debug=0
DEBUG: Input Directory = C:\Users\rooneyz\Documents\TestData\HarmTestData
DEBUG: Output Directory = E:\output
DEBUG: Input directory exists = 1
DEBUG: Output directory exists = 1
DEBUG: Directory E:\output\DAC_Documents already exists
DEBUG: Output file = E:\output\DAC_Documents\data_specsDocumentsTestDataHarmTestData20260326.xlsx
Progress: AE: 1 of 49
Progress: CE: 2 of 49
Progress: CM: 3 of 49
Progress: CO: 4 of 49
Progress: DA: 5 of 49
Progress: DM: 6 of 49
Progress: DS: 7 of 49
Progress: DV: 8 of 49
Progress: EC: 9 of 49
Progress: EG: 10 of 49
Progress: EX: 11 of 49
Progress: FA: 12 of 49
18                                          The SAS System              16:21 Thursday, March 26, 2026

Progress: HO: 13 of 49
Progress: IE: 14 of 49
Progress: LB: 15 of 49
Progress: MH: 16 of 49
Progress: MI: 17 of 49
Progress: ML: 18 of 49
Progress: MO: 19 of 49
Progress: PC: 20 of 49
Progress: PE: 21 of 49
Progress: PR: 22 of 49
Progress: QS: 23 of 49
Progress: RP: 24 of 49
Progress: SC: 25 of 49
Progress: SE: 26 of 49
Progress: SU: 27 of 49
Progress: SUPPAE: 28 of 49
Progress: SUPPCM: 29 of 49
Progress: SUPPDM: 30 of 49
Progress: SUPPDS: 31 of 49
Progress: SUPPDV: 32 of 49
Progress: SUPPEG: 33 of 49
Progress: SUPPEX: 34 of 49
Progress: SUPPFA: 35 of 49
Progress: SUPPLB: 36 of 49
Progress: SUPPMI: 37 of 49
Progress: SUPPMO: 38 of 49
Progress: SUPPPE: 39 of 49
Progress: SUPPPR: 40 of 49
Progress: SUPPQS: 41 of 49
Progress: SV: 42 of 49
Progress: TA: 43 of 49
Progress: TE: 44 of 49
Progress: TI: 45 of 49
Progress: TS: 46 of 49
Progress: TV: 47 of 49
Progress: VE: 48 of 49
Progress: VS: 49 of 49
WARNING: Apparent symbolic reference LIBNAME_TEXT not resolved.
WARNING: Apparent symbolic reference LIBNAME_TEXT not resolved.
WARNING: Apparent symbolic reference LIBNAME_TEXT not resolved.
DATA_SPECS_CLI has finished processing, runtime:  0:17
NOTE: SAS Institute Inc., SAS Campus Drive, Cary, NC USA 27513-2414
NOTE: The SAS System used:
      real time           17.10 seconds
      cpu time            14.35 seconds
      
