1                                           The SAS System              16:21 Thursday, March 26, 2026

NOTE: Copyright (c) 2016 by SAS Institute Inc., Cary, NC, USA. 
NOTE: SAS (r) Proprietary Software 9.4 (TS1M5) 
      Licensed to UNIVERSITY OF CALIFORNIA SYSTEM-SFA-T&R, Site 70090515.
NOTE: This session is executing on the X64_DSRV16  platform.



NOTE: Updated analytical products:
      
      SAS/STAT 14.3
      SAS/ETS 14.3
      SAS/IML 14.3
      SAS/QC 14.3

NOTE: Additional host information:

 X64_DSRV16 WIN 10.0.26100  Server

NOTE: SAS initialization used:
      real time           0.34 seconds
      cpu time            0.34 seconds
      
1          /*------------------------------------------------------------------*
2          | PROGRAM NAME : variable_info_cli20260320.sas
3          | SHORT DESC   : Creates a variable information document with CLI
4          |                parameter support
5          *------------------------------------------------------------------*
6          | CREATED BY   : Modified for CLI usage
7          | DATE CREATED : 2025-01-22
8          *------------------------------------------------------------------*
9          | VERSION UPDATES:
10         | 2025-01-22: Initial CLI release
11         |   - Added SYSPARM parsing for input and output directories
12         |   - Added automatic creation of DAC_Documents output subfolder
13         |   - Added path validation for input and output directories
14         |   - Output file name includes library name and date stamp
15         |   - Each dataset is placed on its own sheet in the Excel workbook
16         *------------------------------------------------------------------*
17         | PURPOSE
18         | Creates a variable-level information report for all datasets in a
19         | designated directory. For each dataset the report lists variable
20         | number, name, type, length, format, informat, and label. Results
21         | are exported to a multi-sheet Excel workbook (.xlsx) in the
22         | DAC_Documents subfolder of the output directory, with one sheet
23         | per dataset.
24         |
25         | 1.0: REQUIRED SYSPARM PARAMETERS (pipe-delimited)
26         | INPUT_DIRECTORY  = Path to the folder containing SAS datasets
27         |                    (.sas7bdat) to be summarized
28         | OUTPUT_DIRECTORY = Path to the folder where the DAC_Documents
29         |                    subfolder and output file will be created.
30         |                    Must exist prior to execution.
31         |
32         | 2.0: OPTIONAL PARAMETERS
2                                           The SAS System              16:21 Thursday, March 26, 2026

33         | None. All parameters are supplied via SYSPARM.
34         |
35         | USAGE:
36         |   sas -sysparm "input_directory|output_directory"
37         |       -sysin variable_info_cli20260320.sas
38         |
39         | OUTPUT STRUCTURE:
40         |   output_directory\
41         |   └── DAC_Documents\
42         |       └── variable_info<GGG_PARENT><GG_PARENT><G_PARENT><YYYYMMDD>.xlsx
43         |           (one Excel sheet per dataset)
44         *------------------------------------------------------------------*
45         | OPERATING SYSTEM COMPATIBILITY
46         | SAS v9.4 or Higher: Yes
47         *------------------------------------------------------------------*
48         | MACRO CALL
49         |
50         | Not applicable. Script is invoked directly via the SAS command
51         | line using -sysin and -sysparm.
52         *------------------------------------------------------------------*
53         | EXAMPLES
54         |
55         | Basic usage:
56         |   sas -sysparm "C:\data\input|C:\data\output"
57         |       -sysin variable_info_cli20260320.sas
58         |
59         | Using a study-specific directory:
60         |   sas -sysparm "C:\studies\trial1\sas|C:\studies\trial1\output"
61         |       -sysin variable_info_cli20260320.sas
62         *------------------------------------------------------------------*/
63         
64         %macro variable_info_cli;
65             /**Parse SYSPARM for input and output paths**/
66             %local sysparm_value indir outdir pipe_pos;
67             %let sysparm_value = &sysparm;
68             %put DEBUG: Raw SYSPARM value = &sysparm_value;
69         
70             %let pipe_pos = %sysfunc(findc(&sysparm_value, |));
71             %put DEBUG: Pipe position = &pipe_pos;
72         
73             %if &pipe_pos > 0 %then %do;
74                 %let indir = %substr(&sysparm_value, 1, %eval(&pipe_pos - 1));
75                 %let outdir = %substr(&sysparm_value, %eval(&pipe_pos + 1));
76             %end;
77             %else %do;
78                 %put ERROR: Invalid SYSPARM format. Expected: input_directory|output_directory;
79                 %abort;
80             %end;
81         
82             %put DEBUG: Input Directory = &indir;
83             %put DEBUG: Output Directory = &outdir;
84         
85             /**Validate directories exist**/
86             %local indir_exist outdir_exist;
3                                           The SAS System              16:21 Thursday, March 26, 2026

87             %let indir_exist = %sysfunc(fileexist(&indir));
88             %let outdir_exist = %sysfunc(fileexist(&outdir));
89         
90             %put DEBUG: Input directory exists = &indir_exist;
91             %put DEBUG: Output directory exists = &outdir_exist;
92         
93             %if &indir_exist = 0 %then %do;
94                 %put ERROR: Input directory does not exist: &indir;
95                 %abort;
96             %end;
97         
98             %if &outdir_exist = 0 %then %do;
99                 %put ERROR: Output directory does not exist: &outdir;
100                %abort;
101            %end;
102        
103            /**Create DAC_Documents folder if it doesn't exist**/
104            %local doc_dir doc_exist rc;
105            %let doc_dir = &outdir\DAC_Documents;
106            %let doc_exist = %sysfunc(fileexist(&doc_dir));
107        
108            %if &doc_exist = 0 %then %do;
109                %put DEBUG: Creating directory &doc_dir;
110                %let rc = %sysfunc(dcreate(DAC_Documents, &outdir));
111                %if &rc = %then %do;
112                    %put ERROR: Failed to create directory &doc_dir;
113                    %abort;
114                %end;
115                %put DEBUG: Successfully created &doc_dir;
116            %end;
117            %else %do;
118                %put DEBUG: Directory &doc_dir already exists;
119            %end;
120        
121            /**Assign library to input directory**/
122            libname INLIB "&indir";
123        
124            %if %sysfunc(libref(INLIB)) ^= 0 %then %do;
125                %put ERROR: Failed to assign library to &indir;
126                %abort;
127            %end;
128        
129            /**Set output file path**/
130            %local out_file g_parent gg_parent ggg_parent;
131            %let g_parent = %scan(&indir, -1, \);
132            %let gg_parent = %scan(&indir, -2, \);
133            %let ggg_parent = %scan(&indir, -3, \);
134            %let out_file =
134      ! &doc_dir\variable_info%sysfunc(compress(&ggg_parent,,ka))%sysfunc(compress(&gg_parent,,ka))
134      ! %sysfunc(compress(&g_parent,,ka))%sysfunc(today(),yymmddn8.).xlsx;
135            %put DEBUG: Output file = &out_file;
136        
137            /**Get variable information**/
138            ods output variables=allvarout;
4                                           The SAS System              16:21 Thursday, March 26, 2026

139        
140            proc contents data=INLIB._all_ memtype=data;
141            run;
142        
143            /**Sort data by dataset and variable number**/
144            proc sort data=allvarout;
145                by member num;
146            run;
147        
148            /**Create Excel output file with separate sheets per dataset**/
149            options nobyline;
150            ods excel file="&out_file"
151                options(sheet_name="#BYVAL(member)" embedded_titles='yes');
152        
153            proc print data=allvarout noobs label;
154                by member;
155                pageby member;
156                title "Variables in #BYVAL(member) Dataset";
157                label member='Dataset Name'
158                      num='Variable Number'
159                      variable='Variable Name'
160                      type='Type'
161                      len='Length'
162                      format='Format'
163                      informat='Informat'
164                      label='Variable Label';
165            run;
166        
167            title;
168        
169            ods excel close;
170        
171            /**Clean up**/
172            proc datasets library=work nolist nodetails;
173                delete allvarout;
174            quit;
175        
176            libname INLIB clear;
177        
178            %put NOTE: Variable information document created: &out_file;
179        
180        %mend variable_info_cli;
181        
182        %variable_info_cli;
DEBUG: Raw SYSPARM value = C:\Users\rooneyz\Documents\TestData\HarmTestData|E:\output
DEBUG: Pipe position = 49
DEBUG: Input Directory = C:\Users\rooneyz\Documents\TestData\HarmTestData
DEBUG: Output Directory = E:\output
DEBUG: Input directory exists = 1
DEBUG: Output directory exists = 1
DEBUG: Creating directory E:\output\DAC_Documents
DEBUG: Successfully created E:\output\DAC_Documents
NOTE: Libref INLIB was successfully assigned as follows: 
      Engine:        V9 
5                                           The SAS System              16:21 Thursday, March 26, 2026

      Physical Name: C:\Users\rooneyz\Documents\TestData\HarmTestData
DEBUG: Output file = E:\output\DAC_Documents\variable_infoDocumentsTestDataHarmTestData20260326.xlsx

NOTE: PROCEDURE CONTENTS used (Total process time):
      real time           0.10 seconds
      cpu time            0.07 seconds
      
NOTE: The data set WORK.ALLVAROUT has 900 observations and 9 variables.
NOTE: The PROCEDURE CONTENTS printed pages 1-70.


NOTE: There were 900 observations read from the data set WORK.ALLVAROUT.
NOTE: The data set WORK.ALLVAROUT has 900 observations and 9 variables.
NOTE: PROCEDURE SORT used (Total process time):
      real time           0.01 seconds
      cpu time            0.00 seconds
      


NOTE: There were 900 observations read from the data set WORK.ALLVAROUT.
NOTE: The PROCEDURE PRINT printed pages 71-119.
NOTE: PROCEDURE PRINT used (Total process time):
      real time           1.68 seconds
      cpu time            1.62 seconds
      

NOTE: Writing EXCEL file: 
      E:\output\DAC_Documents\variable_infoDocumentsTestDataHarmTestData20260326.xlsx
NOTE: Deleting WORK.ALLVAROUT (memtype=DATA).
NOTE: PROCEDURE DATASETS used (Total process time):
      real time           0.00 seconds
      cpu time            0.00 seconds
      

NOTE: Libref INLIB has been deassigned.
NOTE: Variable information document created: 
E:\output\DAC_Documents\variable_infoDocumentsTestDataHarmTestData20260326.xlsx
NOTE: SAS Institute Inc., SAS Campus Drive, Cary, NC USA 27513-2414
NOTE: The SAS System used:
      real time           2.98 seconds
      cpu time            2.53 seconds
      
